\BOOKMARK [0][-]{chapter.1}{\376\377\0001\000\040\000H\000i\000e\000r\000a\000r\000c\000h\000i\000c\000a\000l\000\040\000I\000n\000d\000e\000x}{}% 1
\BOOKMARK [1][-]{section.1.1}{\376\377\0001\000.\0001\000\040\000C\000l\000a\000s\000s\000\040\000H\000i\000e\000r\000a\000r\000c\000h\000y}{chapter.1}% 2
\BOOKMARK [0][-]{chapter.2}{\376\377\0002\000\040\000C\000l\000a\000s\000s\000\040\000I\000n\000d\000e\000x}{}% 3
\BOOKMARK [1][-]{section.2.1}{\376\377\0002\000.\0001\000\040\000C\000l\000a\000s\000s\000\040\000L\000i\000s\000t}{chapter.2}% 4
\BOOKMARK [0][-]{chapter.3}{\376\377\0003\000\040\000F\000i\000l\000e\000\040\000I\000n\000d\000e\000x}{}% 5
\BOOKMARK [1][-]{section.3.1}{\376\377\0003\000.\0001\000\040\000F\000i\000l\000e\000\040\000L\000i\000s\000t}{chapter.3}% 6
\BOOKMARK [0][-]{chapter.4}{\376\377\0004\000\040\000C\000l\000a\000s\000s\000\040\000D\000o\000c\000u\000m\000e\000n\000t\000a\000t\000i\000o\000n}{}% 7
\BOOKMARK [1][-]{section.4.1}{\376\377\0004\000.\0001\000\040\000r\000a\000p\000i\000d\000x\000m\000l\000:\000:\000a\000t\000t\000r\000i\000b\000u\000t\000e\000\137\000i\000t\000e\000r\000a\000t\000o\000r\000<\000\040\000C\000h\000\040\000>\000\040\000C\000l\000a\000s\000s\000\040\000T\000e\000m\000p\000l\000a\000t\000e\000\040\000R\000e\000f\000e\000r\000e\000n\000c\000e}{chapter.4}% 8
\BOOKMARK [2][-]{subsection.4.1.1}{\376\377\0004\000.\0001\000.\0001\000\040\000D\000e\000t\000a\000i\000l\000e\000d\000\040\000D\000e\000s\000c\000r\000i\000p\000t\000i\000o\000n}{section.4.1}% 9
\BOOKMARK [1][-]{section.4.2}{\376\377\0004\000.\0002\000\040\000B\000A\000u\000d\000i\000o\000\040\000C\000l\000a\000s\000s\000\040\000R\000e\000f\000e\000r\000e\000n\000c\000e}{chapter.4}% 10
\BOOKMARK [1][-]{section.4.3}{\376\377\0004\000.\0003\000\040\000B\000A\000u\000d\000i\000o\000:\000:\000B\000A\000u\000d\000i\000o\000I\000n\000f\000o\000\040\000S\000t\000r\000u\000c\000t\000\040\000R\000e\000f\000e\000r\000e\000n\000c\000e}{chapter.4}% 11
\BOOKMARK [1][-]{section.4.4}{\376\377\0004\000.\0004\000\040\000B\000B\000o\000x\000C\000o\000l\000l\000i\000d\000e\000r\000C\000o\000m\000p\000o\000n\000e\000n\000t\000\040\000C\000l\000a\000s\000s\000\040\000R\000e\000f\000e\000r\000e\000n\000c\000e}{chapter.4}% 12
\BOOKMARK [1][-]{section.4.5}{\376\377\0004\000.\0005\000\040\000B\000C\000a\000m\000e\000r\000a\000C\000o\000m\000p\000o\000n\000e\000n\000t\000\040\000C\000l\000a\000s\000s\000\040\000R\000e\000f\000e\000r\000e\000n\000c\000e}{chapter.4}% 13
\BOOKMARK [1][-]{section.4.6}{\376\377\0004\000.\0006\000\040\000B\000C\000h\000a\000r\000a\000c\000t\000e\000r\000C\000o\000n\000t\000r\000o\000l\000l\000e\000r\000C\000o\000m\000p\000o\000n\000e\000n\000t\000\040\000C\000l\000a\000s\000s\000\040\000R\000e\000f\000e\000r\000e\000n\000c\000e}{chapter.4}% 14
\BOOKMARK [1][-]{section.4.7}{\376\377\0004\000.\0007\000\040\000B\000C\000h\000a\000r\000a\000c\000t\000e\000r\000C\000o\000n\000t\000r\000o\000l\000l\000e\000r\000T\000a\000s\000k\000\040\000C\000l\000a\000s\000s\000\040\000R\000e\000f\000e\000r\000e\000n\000c\000e}{chapter.4}% 15
\BOOKMARK [1][-]{section.4.8}{\376\377\0004\000.\0008\000\040\000B\000C\000o\000l\000l\000i\000d\000e\000r\000C\000o\000m\000p\000o\000n\000e\000n\000t\000\040\000C\000l\000a\000s\000s\000\040\000R\000e\000f\000e\000r\000e\000n\000c\000e}{chapter.4}% 16
\BOOKMARK [1][-]{section.4.9}{\376\377\0004\000.\0009\000\040\000B\000C\000o\000l\000l\000i\000d\000e\000r\000T\000a\000s\000k\000\040\000C\000l\000a\000s\000s\000\040\000R\000e\000f\000e\000r\000e\000n\000c\000e}{chapter.4}% 17
\BOOKMARK [1][-]{section.4.10}{\376\377\0004\000.\0001\0000\000\040\000B\000C\000o\000m\000p\000o\000n\000e\000n\000t\000\040\000C\000l\000a\000s\000s\000\040\000R\000e\000f\000e\000r\000e\000n\000c\000e}{chapter.4}% 18
\BOOKMARK [1][-]{section.4.11}{\376\377\0004\000.\0001\0001\000\040\000B\000C\000o\000n\000t\000r\000o\000l\000C\000o\000m\000p\000o\000n\000e\000n\000t\000\040\000C\000l\000a\000s\000s\000\040\000R\000e\000f\000e\000r\000e\000n\000c\000e}{chapter.4}% 19
\BOOKMARK [1][-]{section.4.12}{\376\377\0004\000.\0001\0002\000\040\000B\000C\000o\000n\000t\000r\000o\000l\000T\000a\000s\000k\000\040\000C\000l\000a\000s\000s\000\040\000R\000e\000f\000e\000r\000e\000n\000c\000e}{chapter.4}% 20
\BOOKMARK [1][-]{section.4.13}{\376\377\0004\000.\0001\0003\000\040\000B\000D\000i\000s\000p\000a\000c\000h\000e\000r\000\040\000C\000l\000a\000s\000s\000\040\000R\000e\000f\000e\000r\000e\000n\000c\000e}{chapter.4}% 21
\BOOKMARK [1][-]{section.4.14}{\376\377\0004\000.\0001\0004\000\040\000B\000E\000n\000t\000i\000t\000y\000\040\000C\000l\000a\000s\000s\000\040\000R\000e\000f\000e\000r\000e\000n\000c\000e}{chapter.4}% 22
\BOOKMARK [2][-]{subsection.4.14.1}{\376\377\0004\000.\0001\0004\000.\0001\000\040\000M\000e\000m\000b\000e\000r\000\040\000F\000u\000n\000c\000t\000i\000o\000n\000\040\000D\000o\000c\000u\000m\000e\000n\000t\000a\000t\000i\000o\000n}{section.4.14}% 23
\BOOKMARK [3][-]{subsubsection.4.14.1.1}{\376\377\0004\000.\0001\0004\000.\0001\000.\0001\000\040\000a\000d\000d\000C\000o\000m\000p\000o\000n\000e\000n\000t\000\050\000\051}{subsection.4.14.1}% 24
\BOOKMARK [1][-]{section.4.15}{\376\377\0004\000.\0001\0005\000\040\000B\000I\000n\000p\000u\000t\000C\000o\000m\000p\000o\000n\000e\000n\000t\000\040\000C\000l\000a\000s\000s\000\040\000R\000e\000f\000e\000r\000e\000n\000c\000e}{chapter.4}% 25
\BOOKMARK [1][-]{section.4.16}{\376\377\0004\000.\0001\0006\000\040\000B\000I\000n\000p\000u\000t\000M\000a\000p\000p\000e\000r\000\040\000C\000l\000a\000s\000s\000\040\000R\000e\000f\000e\000r\000e\000n\000c\000e}{chapter.4}% 26
\BOOKMARK [1][-]{section.4.17}{\376\377\0004\000.\0001\0007\000\040\000B\000K\000e\000r\000n\000e\000l\000\040\000C\000l\000a\000s\000s\000\040\000R\000e\000f\000e\000r\000e\000n\000c\000e}{chapter.4}% 27
\BOOKMARK [1][-]{section.4.18}{\376\377\0004\000.\0001\0008\000\040\000B\000K\000e\000y\000b\000o\000a\000r\000d\000\040\000C\000l\000a\000s\000s\000\040\000R\000e\000f\000e\000r\000e\000n\000c\000e}{chapter.4}% 28
\BOOKMARK [1][-]{section.4.19}{\376\377\0004\000.\0001\0009\000\040\000B\000K\000e\000y\000b\000o\000a\000r\000d\000C\000o\000m\000p\000o\000n\000e\000n\000t\000\040\000C\000l\000a\000s\000s\000\040\000R\000e\000f\000e\000r\000e\000n\000c\000e}{chapter.4}% 29
\BOOKMARK [1][-]{section.4.20}{\376\377\0004\000.\0002\0000\000\040\000B\000L\000i\000g\000h\000t\000C\000o\000m\000p\000o\000n\000e\000n\000t\000\040\000C\000l\000a\000s\000s\000\040\000R\000e\000f\000e\000r\000e\000n\000c\000e}{chapter.4}% 30
\BOOKMARK [1][-]{section.4.21}{\376\377\0004\000.\0002\0001\000\040\000B\000M\000a\000i\000n\000R\000e\000n\000d\000e\000r\000e\000r\000\040\000C\000l\000a\000s\000s\000\040\000R\000e\000f\000e\000r\000e\000n\000c\000e}{chapter.4}% 31
\BOOKMARK [1][-]{section.4.22}{\376\377\0004\000.\0002\0002\000\040\000B\000M\000a\000i\000n\000W\000i\000n\000d\000o\000w\000C\000o\000m\000p\000o\000n\000e\000n\000t\000\040\000C\000l\000a\000s\000s\000\040\000R\000e\000f\000e\000r\000e\000n\000c\000e}{chapter.4}% 32
\BOOKMARK [2][-]{subsection.4.22.1}{\376\377\0004\000.\0002\0002\000.\0001\000\040\000C\000o\000n\000s\000t\000r\000u\000c\000t\000o\000r\000\040\000\046\000\040\000D\000e\000s\000t\000r\000u\000c\000t\000o\000r\000\040\000D\000o\000c\000u\000m\000e\000n\000t\000a\000t\000i\000o\000n}{section.4.22}% 33
\BOOKMARK [3][-]{subsubsection.4.22.1.1}{\376\377\0004\000.\0002\0002\000.\0001\000.\0001\000\040\000B\000M\000a\000i\000n\000W\000i\000n\000d\000o\000w\000C\000o\000m\000p\000o\000n\000e\000n\000t\000\050\000\051}{subsection.4.22.1}% 34
\BOOKMARK [1][-]{section.4.23}{\376\377\0004\000.\0002\0003\000\040\000B\000M\000e\000s\000s\000a\000g\000e\000\040\000C\000l\000a\000s\000s\000\040\000R\000e\000f\000e\000r\000e\000n\000c\000e}{chapter.4}% 35
\BOOKMARK [1][-]{section.4.24}{\376\377\0004\000.\0002\0004\000\040\000B\000M\000y\000I\000n\000p\000u\000t\000H\000a\000n\000d\000l\000e\000r\000T\000a\000s\000k\000\040\000C\000l\000a\000s\000s\000\040\000R\000e\000f\000e\000r\000e\000n\000c\000e}{chapter.4}% 36
\BOOKMARK [1][-]{section.4.25}{\376\377\0004\000.\0002\0005\000\040\000B\000O\000r\000b\000s\000e\000r\000v\000e\000r\000\040\000C\000l\000a\000s\000s\000\040\000R\000e\000f\000e\000r\000e\000n\000c\000e}{chapter.4}% 37
\BOOKMARK [1][-]{section.4.26}{\376\377\0004\000.\0002\0006\000\040\000B\000R\000e\000n\000d\000e\000r\000O\000b\000j\000e\000c\000t\000C\000o\000m\000p\000o\000n\000e\000n\000t\000\040\000C\000l\000a\000s\000s\000\040\000R\000e\000f\000e\000r\000e\000n\000c\000e}{chapter.4}% 38
\BOOKMARK [1][-]{section.4.27}{\376\377\0004\000.\0002\0007\000\040\000B\000R\000e\000n\000d\000e\000r\000O\000b\000j\000e\000c\000t\000T\000a\000s\000k\000\040\000C\000l\000a\000s\000s\000\040\000R\000e\000f\000e\000r\000e\000n\000c\000e}{chapter.4}% 39
\BOOKMARK [1][-]{section.4.28}{\376\377\0004\000.\0002\0008\000\040\000B\000R\000e\000n\000d\000e\000r\000T\000a\000s\000k\000\040\000C\000l\000a\000s\000s\000\040\000R\000e\000f\000e\000r\000e\000n\000c\000e}{chapter.4}% 40
\BOOKMARK [1][-]{section.4.29}{\376\377\0004\000.\0002\0009\000\040\000B\000S\000c\000e\000n\000e\000\040\000C\000l\000a\000s\000s\000\040\000R\000e\000f\000e\000r\000e\000n\000c\000e}{chapter.4}% 41
\BOOKMARK [1][-]{section.4.30}{\376\377\0004\000.\0003\0000\000\040\000B\000S\000h\000e\000r\000e\000C\000o\000l\000l\000i\000d\000e\000r\000C\000o\000m\000p\000o\000n\000e\000n\000t\000\040\000C\000l\000a\000s\000s\000\040\000R\000e\000f\000e\000r\000e\000n\000c\000e}{chapter.4}% 42
\BOOKMARK [1][-]{section.4.31}{\376\377\0004\000.\0003\0001\000\040\000B\000T\000a\000s\000k\000\040\000C\000l\000a\000s\000s\000\040\000R\000e\000f\000e\000r\000e\000n\000c\000e}{chapter.4}% 43
\BOOKMARK [1][-]{section.4.32}{\376\377\0004\000.\0003\0002\000\040\000B\000T\000i\000m\000e\000r\000\040\000C\000l\000a\000s\000s\000\040\000R\000e\000f\000e\000r\000e\000n\000c\000e}{chapter.4}% 44
\BOOKMARK [1][-]{section.4.33}{\376\377\0004\000.\0003\0003\000\040\000B\000T\000r\000a\000n\000s\000f\000o\000r\000m\000C\000o\000m\000p\000o\000n\000e\000n\000t\000\040\000C\000l\000a\000s\000s\000\040\000R\000e\000f\000e\000r\000e\000n\000c\000e}{chapter.4}% 45
\BOOKMARK [1][-]{section.4.34}{\376\377\0004\000.\0003\0004\000\040\000B\000T\000r\000a\000n\000s\000f\000o\000r\000m\000T\000a\000s\000k\000\040\000C\000l\000a\000s\000s\000\040\000R\000e\000f\000e\000r\000e\000n\000c\000e}{chapter.4}% 46
\BOOKMARK [1][-]{section.4.35}{\376\377\0004\000.\0003\0005\000\040\000B\000W\000i\000n\000d\000o\000w\000T\000a\000s\000k\000\040\000C\000l\000a\000s\000s\000\040\000R\000e\000f\000e\000r\000e\000n\000c\000e}{chapter.4}% 47
\BOOKMARK [2][-]{subsection.4.35.1}{\376\377\0004\000.\0003\0005\000.\0001\000\040\000C\000o\000n\000s\000t\000r\000u\000c\000t\000o\000r\000\040\000\046\000\040\000D\000e\000s\000t\000r\000u\000c\000t\000o\000r\000\040\000D\000o\000c\000u\000m\000e\000n\000t\000a\000t\000i\000o\000n}{section.4.35}% 48
\BOOKMARK [3][-]{subsubsection.4.35.1.1}{\376\377\0004\000.\0003\0005\000.\0001\000.\0001\000\040\000B\000W\000i\000n\000d\000o\000w\000T\000a\000s\000k\000\050\000\051}{subsection.4.35.1}% 49
\BOOKMARK [1][-]{section.4.36}{\376\377\0004\000.\0003\0006\000\040\000r\000a\000p\000i\000d\000x\000m\000l\000:\000:\000f\000i\000l\000e\000<\000\040\000C\000h\000\040\000>\000\040\000C\000l\000a\000s\000s\000\040\000T\000e\000m\000p\000l\000a\000t\000e\000\040\000R\000e\000f\000e\000r\000e\000n\000c\000e}{chapter.4}% 50
\BOOKMARK [2][-]{subsection.4.36.1}{\376\377\0004\000.\0003\0006\000.\0001\000\040\000D\000e\000t\000a\000i\000l\000e\000d\000\040\000D\000e\000s\000c\000r\000i\000p\000t\000i\000o\000n}{section.4.36}% 51
\BOOKMARK [2][-]{subsection.4.36.2}{\376\377\0004\000.\0003\0006\000.\0002\000\040\000C\000o\000n\000s\000t\000r\000u\000c\000t\000o\000r\000\040\000\046\000\040\000D\000e\000s\000t\000r\000u\000c\000t\000o\000r\000\040\000D\000o\000c\000u\000m\000e\000n\000t\000a\000t\000i\000o\000n}{section.4.36}% 52
\BOOKMARK [3][-]{subsubsection.4.36.2.1}{\376\377\0004\000.\0003\0006\000.\0002\000.\0001\000\040\000f\000i\000l\000e\000\050\000\051\000\040\000[\0001\000/\0002\000]}{subsection.4.36.2}% 53
\BOOKMARK [3][-]{subsubsection.4.36.2.2}{\376\377\0004\000.\0003\0006\000.\0002\000.\0002\000\040\000f\000i\000l\000e\000\050\000\051\000\040\000[\0002\000/\0002\000]}{subsection.4.36.2}% 54
\BOOKMARK [2][-]{subsection.4.36.3}{\376\377\0004\000.\0003\0006\000.\0003\000\040\000M\000e\000m\000b\000e\000r\000\040\000F\000u\000n\000c\000t\000i\000o\000n\000\040\000D\000o\000c\000u\000m\000e\000n\000t\000a\000t\000i\000o\000n}{section.4.36}% 55
\BOOKMARK [3][-]{subsubsection.4.36.3.1}{\376\377\0004\000.\0003\0006\000.\0003\000.\0001\000\040\000d\000a\000t\000a\000\050\000\051\000\040\000[\0001\000/\0002\000]}{subsection.4.36.3}% 56
\BOOKMARK [3][-]{subsubsection.4.36.3.2}{\376\377\0004\000.\0003\0006\000.\0003\000.\0002\000\040\000d\000a\000t\000a\000\050\000\051\000\040\000[\0002\000/\0002\000]}{subsection.4.36.3}% 57
\BOOKMARK [3][-]{subsubsection.4.36.3.3}{\376\377\0004\000.\0003\0006\000.\0003\000.\0003\000\040\000s\000i\000z\000e\000\050\000\051}{subsection.4.36.3}% 58
\BOOKMARK [1][-]{section.4.37}{\376\377\0004\000.\0003\0007\000\040\000B\000K\000e\000y\000b\000o\000a\000r\000d\000:\000:\000K\000E\000Y\000C\000O\000D\000E\000\040\000S\000t\000r\000u\000c\000t\000\040\000R\000e\000f\000e\000r\000e\000n\000c\000e}{chapter.4}% 59
\BOOKMARK [1][-]{section.4.38}{\376\377\0004\000.\0003\0008\000\040\000r\000a\000p\000i\000d\000x\000m\000l\000:\000:\000m\000e\000m\000o\000r\000y\000\137\000p\000o\000o\000l\000<\000\040\000C\000h\000\040\000>\000\040\000C\000l\000a\000s\000s\000\040\000T\000e\000m\000p\000l\000a\000t\000e\000\040\000R\000e\000f\000e\000r\000e\000n\000c\000e}{chapter.4}% 60
\BOOKMARK [2][-]{subsection.4.38.1}{\376\377\0004\000.\0003\0008\000.\0001\000\040\000D\000e\000t\000a\000i\000l\000e\000d\000\040\000D\000e\000s\000c\000r\000i\000p\000t\000i\000o\000n}{section.4.38}% 61
\BOOKMARK [2][-]{subsection.4.38.2}{\376\377\0004\000.\0003\0008\000.\0002\000\040\000C\000o\000n\000s\000t\000r\000u\000c\000t\000o\000r\000\040\000\046\000\040\000D\000e\000s\000t\000r\000u\000c\000t\000o\000r\000\040\000D\000o\000c\000u\000m\000e\000n\000t\000a\000t\000i\000o\000n}{section.4.38}% 62
\BOOKMARK [3][-]{subsubsection.4.38.2.1}{\376\377\0004\000.\0003\0008\000.\0002\000.\0001\000\040\000\040\000m\000e\000m\000o\000r\000y\000\137\000p\000o\000o\000l\000\050\000\051}{subsection.4.38.2}% 63
\BOOKMARK [2][-]{subsection.4.38.3}{\376\377\0004\000.\0003\0008\000.\0003\000\040\000M\000e\000m\000b\000e\000r\000\040\000F\000u\000n\000c\000t\000i\000o\000n\000\040\000D\000o\000c\000u\000m\000e\000n\000t\000a\000t\000i\000o\000n}{section.4.38}% 64
\BOOKMARK [3][-]{subsubsection.4.38.3.1}{\376\377\0004\000.\0003\0008\000.\0003\000.\0001\000\040\000a\000l\000l\000o\000c\000a\000t\000e\000\137\000a\000t\000t\000r\000i\000b\000u\000t\000e\000\050\000\051}{subsection.4.38.3}% 65
\BOOKMARK [3][-]{subsubsection.4.38.3.2}{\376\377\0004\000.\0003\0008\000.\0003\000.\0002\000\040\000a\000l\000l\000o\000c\000a\000t\000e\000\137\000n\000o\000d\000e\000\050\000\051}{subsection.4.38.3}% 66
\BOOKMARK [3][-]{subsubsection.4.38.3.3}{\376\377\0004\000.\0003\0008\000.\0003\000.\0003\000\040\000a\000l\000l\000o\000c\000a\000t\000e\000\137\000s\000t\000r\000i\000n\000g\000\050\000\051}{subsection.4.38.3}% 67
\BOOKMARK [3][-]{subsubsection.4.38.3.4}{\376\377\0004\000.\0003\0008\000.\0003\000.\0004\000\040\000c\000l\000e\000a\000r\000\050\000\051}{subsection.4.38.3}% 68
\BOOKMARK [3][-]{subsubsection.4.38.3.5}{\376\377\0004\000.\0003\0008\000.\0003\000.\0005\000\040\000c\000l\000o\000n\000e\000\137\000n\000o\000d\000e\000\050\000\051}{subsection.4.38.3}% 69
\BOOKMARK [3][-]{subsubsection.4.38.3.6}{\376\377\0004\000.\0003\0008\000.\0003\000.\0006\000\040\000s\000e\000t\000\137\000a\000l\000l\000o\000c\000a\000t\000o\000r\000\050\000\051}{subsection.4.38.3}% 70
\BOOKMARK [1][-]{section.4.39}{\376\377\0004\000.\0003\0009\000\040\000r\000a\000p\000i\000d\000x\000m\000l\000:\000:\000n\000o\000d\000e\000\137\000i\000t\000e\000r\000a\000t\000o\000r\000<\000\040\000C\000h\000\040\000>\000\040\000C\000l\000a\000s\000s\000\040\000T\000e\000m\000p\000l\000a\000t\000e\000\040\000R\000e\000f\000e\000r\000e\000n\000c\000e}{chapter.4}% 71
\BOOKMARK [2][-]{subsection.4.39.1}{\376\377\0004\000.\0003\0009\000.\0001\000\040\000D\000e\000t\000a\000i\000l\000e\000d\000\040\000D\000e\000s\000c\000r\000i\000p\000t\000i\000o\000n}{section.4.39}% 72
\BOOKMARK [1][-]{section.4.40}{\376\377\0004\000.\0004\0000\000\040\000r\000a\000p\000i\000d\000x\000m\000l\000:\000:\000p\000a\000r\000s\000e\000\137\000e\000r\000r\000o\000r\000\040\000C\000l\000a\000s\000s\000\040\000R\000e\000f\000e\000r\000e\000n\000c\000e}{chapter.4}% 73
\BOOKMARK [2][-]{subsection.4.40.1}{\376\377\0004\000.\0004\0000\000.\0001\000\040\000D\000e\000t\000a\000i\000l\000e\000d\000\040\000D\000e\000s\000c\000r\000i\000p\000t\000i\000o\000n}{section.4.40}% 74
\BOOKMARK [2][-]{subsection.4.40.2}{\376\377\0004\000.\0004\0000\000.\0002\000\040\000M\000e\000m\000b\000e\000r\000\040\000F\000u\000n\000c\000t\000i\000o\000n\000\040\000D\000o\000c\000u\000m\000e\000n\000t\000a\000t\000i\000o\000n}{section.4.40}% 75
\BOOKMARK [3][-]{subsubsection.4.40.2.1}{\376\377\0004\000.\0004\0000\000.\0002\000.\0001\000\040\000w\000h\000a\000t\000\050\000\051}{subsection.4.40.2}% 76
\BOOKMARK [3][-]{subsubsection.4.40.2.2}{\376\377\0004\000.\0004\0000\000.\0002\000.\0002\000\040\000w\000h\000e\000r\000e\000\050\000\051}{subsection.4.40.2}% 77
\BOOKMARK [1][-]{section.4.41}{\376\377\0004\000.\0004\0001\000\040\000v\000e\000c\0002\000<\000\040\000T\000\040\000>\000\040\000C\000l\000a\000s\000s\000\040\000T\000e\000m\000p\000l\000a\000t\000e\000\040\000R\000e\000f\000e\000r\000e\000n\000c\000e}{chapter.4}% 78
\BOOKMARK [2][-]{subsection.4.41.1}{\376\377\0004\000.\0004\0001\000.\0001\000\040\000D\000e\000t\000a\000i\000l\000e\000d\000\040\000D\000e\000s\000c\000r\000i\000p\000t\000i\000o\000n}{section.4.41}% 79
\BOOKMARK [2][-]{subsection.4.41.2}{\376\377\0004\000.\0004\0001\000.\0002\000\040\000C\000o\000n\000s\000t\000r\000u\000c\000t\000o\000r\000\040\000\046\000\040\000D\000e\000s\000t\000r\000u\000c\000t\000o\000r\000\040\000D\000o\000c\000u\000m\000e\000n\000t\000a\000t\000i\000o\000n}{section.4.41}% 80
\BOOKMARK [3][-]{subsubsection.4.41.2.1}{\376\377\0004\000.\0004\0001\000.\0002\000.\0001\000\040\000v\000e\000c\0002\000\050\000\051\000\040\000[\0001\000/\0003\000]}{subsection.4.41.2}% 81
\BOOKMARK [3][-]{subsubsection.4.41.2.2}{\376\377\0004\000.\0004\0001\000.\0002\000.\0002\000\040\000v\000e\000c\0002\000\050\000\051\000\040\000[\0002\000/\0003\000]}{subsection.4.41.2}% 82
\BOOKMARK [3][-]{subsubsection.4.41.2.3}{\376\377\0004\000.\0004\0001\000.\0002\000.\0003\000\040\000v\000e\000c\0002\000\050\000\051\000\040\000[\0003\000/\0003\000]}{subsection.4.41.2}% 83
\BOOKMARK [2][-]{subsection.4.41.3}{\376\377\0004\000.\0004\0001\000.\0003\000\040\000M\000e\000m\000b\000e\000r\000\040\000F\000u\000n\000c\000t\000i\000o\000n\000\040\000D\000o\000c\000u\000m\000e\000n\000t\000a\000t\000i\000o\000n}{section.4.41}% 84
\BOOKMARK [3][-]{subsubsection.4.41.3.1}{\376\377\0004\000.\0004\0001\000.\0003\000.\0001\000\040\000i\000n\000v\000\137\000l\000e\000n\000g\000t\000h\000\050\000\051}{subsection.4.41.3}% 85
\BOOKMARK [3][-]{subsubsection.4.41.3.2}{\376\377\0004\000.\0004\0001\000.\0003\000.\0002\000\040\000l\000e\000n\000g\000t\000h\000\050\000\051}{subsection.4.41.3}% 86
\BOOKMARK [3][-]{subsubsection.4.41.3.3}{\376\377\0004\000.\0004\0001\000.\0003\000.\0003\000\040\000n\000o\000r\000m\000a\000l\000i\000z\000e\000\050\000\051}{subsection.4.41.3}% 87
\BOOKMARK [3][-]{subsubsection.4.41.3.4}{\376\377\0004\000.\0004\0001\000.\0003\000.\0004\000\040\000o\000p\000e\000r\000a\000t\000o\000r\000!\000=\000\050\000\051}{subsection.4.41.3}% 88
\BOOKMARK [3][-]{subsubsection.4.41.3.5}{\376\377\0004\000.\0004\0001\000.\0003\000.\0005\000\040\000o\000p\000e\000r\000a\000t\000o\000r\000*\000\050\000\051\000\040\000[\0001\000/\0002\000]}{subsection.4.41.3}% 89
\BOOKMARK [3][-]{subsubsection.4.41.3.6}{\376\377\0004\000.\0004\0001\000.\0003\000.\0006\000\040\000o\000p\000e\000r\000a\000t\000o\000r\000*\000\050\000\051\000\040\000[\0002\000/\0002\000]}{subsection.4.41.3}% 90
\BOOKMARK [3][-]{subsubsection.4.41.3.7}{\376\377\0004\000.\0004\0001\000.\0003\000.\0007\000\040\000o\000p\000e\000r\000a\000t\000o\000r\000*\000=\000\050\000\051}{subsection.4.41.3}% 91
\BOOKMARK [3][-]{subsubsection.4.41.3.8}{\376\377\0004\000.\0004\0001\000.\0003\000.\0008\000\040\000o\000p\000e\000r\000a\000t\000o\000r\000+\000\050\000\051}{subsection.4.41.3}% 92
\BOOKMARK [3][-]{subsubsection.4.41.3.9}{\376\377\0004\000.\0004\0001\000.\0003\000.\0009\000\040\000o\000p\000e\000r\000a\000t\000o\000r\000+\000=\000\050\000\051}{subsection.4.41.3}% 93
\BOOKMARK [3][-]{subsubsection.4.41.3.10}{\376\377\0004\000.\0004\0001\000.\0003\000.\0001\0000\000\040\000o\000p\000e\000r\000a\000t\000o\000r\000-\000\050\000\051}{subsection.4.41.3}% 94
\BOOKMARK [3][-]{subsubsection.4.41.3.11}{\376\377\0004\000.\0004\0001\000.\0003\000.\0001\0001\000\040\000o\000p\000e\000r\000a\000t\000o\000r\000-\000=\000\050\000\051}{subsection.4.41.3}% 95
\BOOKMARK [3][-]{subsubsection.4.41.3.12}{\376\377\0004\000.\0004\0001\000.\0003\000.\0001\0002\000\040\000o\000p\000e\000r\000a\000t\000o\000r\000/\000=\000\050\000\051}{subsection.4.41.3}% 96
\BOOKMARK [3][-]{subsubsection.4.41.3.13}{\376\377\0004\000.\0004\0001\000.\0003\000.\0001\0003\000\040\000o\000p\000e\000r\000a\000t\000o\000r\000=\000\050\000\051}{subsection.4.41.3}% 97
\BOOKMARK [3][-]{subsubsection.4.41.3.14}{\376\377\0004\000.\0004\0001\000.\0003\000.\0001\0004\000\040\000o\000p\000e\000r\000a\000t\000o\000r\000=\000=\000\050\000\051}{subsection.4.41.3}% 98
\BOOKMARK [3][-]{subsubsection.4.41.3.15}{\376\377\0004\000.\0004\0001\000.\0003\000.\0001\0005\000\040\000o\000p\000e\000r\000a\000t\000o\000r\000[\000]\000\050\000\051\000\040\000[\0001\000/\0002\000]}{subsection.4.41.3}% 99
\BOOKMARK [3][-]{subsubsection.4.41.3.16}{\376\377\0004\000.\0004\0001\000.\0003\000.\0001\0006\000\040\000o\000p\000e\000r\000a\000t\000o\000r\000[\000]\000\050\000\051\000\040\000[\0002\000/\0002\000]}{subsection.4.41.3}% 100
\BOOKMARK [3][-]{subsubsection.4.41.3.17}{\376\377\0004\000.\0004\0001\000.\0003\000.\0001\0007\000\040\000p\000r\000o\000d\000u\000c\000t\000o\000\137\000e\000s\000c\000a\000l\000a\000r\000\050\000\051}{subsection.4.41.3}% 101
\BOOKMARK [1][-]{section.4.42}{\376\377\0004\000.\0004\0002\000\040\000v\000e\000c\0003\000<\000\040\000T\000\040\000>\000\040\000C\000l\000a\000s\000s\000\040\000T\000e\000m\000p\000l\000a\000t\000e\000\040\000R\000e\000f\000e\000r\000e\000n\000c\000e}{chapter.4}% 102
\BOOKMARK [2][-]{subsection.4.42.1}{\376\377\0004\000.\0004\0002\000.\0001\000\040\000D\000e\000t\000a\000i\000l\000e\000d\000\040\000D\000e\000s\000c\000r\000i\000p\000t\000i\000o\000n}{section.4.42}% 103
\BOOKMARK [2][-]{subsection.4.42.2}{\376\377\0004\000.\0004\0002\000.\0002\000\040\000C\000o\000n\000s\000t\000r\000u\000c\000t\000o\000r\000\040\000\046\000\040\000D\000e\000s\000t\000r\000u\000c\000t\000o\000r\000\040\000D\000o\000c\000u\000m\000e\000n\000t\000a\000t\000i\000o\000n}{section.4.42}% 104
\BOOKMARK [3][-]{subsubsection.4.42.2.1}{\376\377\0004\000.\0004\0002\000.\0002\000.\0001\000\040\000v\000e\000c\0003\000\050\000\051\000\040\000[\0001\000/\0003\000]}{subsection.4.42.2}% 105
\BOOKMARK [3][-]{subsubsection.4.42.2.2}{\376\377\0004\000.\0004\0002\000.\0002\000.\0002\000\040\000v\000e\000c\0003\000\050\000\051\000\040\000[\0002\000/\0003\000]}{subsection.4.42.2}% 106
\BOOKMARK [3][-]{subsubsection.4.42.2.3}{\376\377\0004\000.\0004\0002\000.\0002\000.\0003\000\040\000v\000e\000c\0003\000\050\000\051\000\040\000[\0003\000/\0003\000]}{subsection.4.42.2}% 107
\BOOKMARK [2][-]{subsection.4.42.3}{\376\377\0004\000.\0004\0002\000.\0003\000\040\000M\000e\000m\000b\000e\000r\000\040\000F\000u\000n\000c\000t\000i\000o\000n\000\040\000D\000o\000c\000u\000m\000e\000n\000t\000a\000t\000i\000o\000n}{section.4.42}% 108
\BOOKMARK [3][-]{subsubsection.4.42.3.1}{\376\377\0004\000.\0004\0002\000.\0003\000.\0001\000\040\000c\000r\000o\000s\000s\000\050\000\051}{subsection.4.42.3}% 109
\BOOKMARK [3][-]{subsubsection.4.42.3.2}{\376\377\0004\000.\0004\0002\000.\0003\000.\0002\000\040\000i\000n\000v\000L\000e\000n\000g\000t\000h\000d\000\050\000\051}{subsection.4.42.3}% 110
\BOOKMARK [3][-]{subsubsection.4.42.3.3}{\376\377\0004\000.\0004\0002\000.\0003\000.\0003\000\040\000l\000e\000n\000g\000t\000h\000\050\000\051}{subsection.4.42.3}% 111
\BOOKMARK [3][-]{subsubsection.4.42.3.4}{\376\377\0004\000.\0004\0002\000.\0003\000.\0004\000\040\000n\000o\000r\000m\000a\000l\000i\000z\000e\000\050\000\051}{subsection.4.42.3}% 112
\BOOKMARK [3][-]{subsubsection.4.42.3.5}{\376\377\0004\000.\0004\0002\000.\0003\000.\0005\000\040\000o\000p\000e\000r\000a\000t\000o\000r\000!\000=\000\050\000\051}{subsection.4.42.3}% 113
\BOOKMARK [3][-]{subsubsection.4.42.3.6}{\376\377\0004\000.\0004\0002\000.\0003\000.\0006\000\040\000o\000p\000e\000r\000a\000t\000o\000r\000*\000\050\000\051}{subsection.4.42.3}% 114
\BOOKMARK [3][-]{subsubsection.4.42.3.7}{\376\377\0004\000.\0004\0002\000.\0003\000.\0007\000\040\000o\000p\000e\000r\000a\000t\000o\000r\000*\000=\000\050\000\051}{subsection.4.42.3}% 115
\BOOKMARK [3][-]{subsubsection.4.42.3.8}{\376\377\0004\000.\0004\0002\000.\0003\000.\0008\000\040\000o\000p\000e\000r\000a\000t\000o\000r\000+\000\050\000\051}{subsection.4.42.3}% 116
\BOOKMARK [3][-]{subsubsection.4.42.3.9}{\376\377\0004\000.\0004\0002\000.\0003\000.\0009\000\040\000o\000p\000e\000r\000a\000t\000o\000r\000+\000=\000\050\000\051}{subsection.4.42.3}% 117
\BOOKMARK [3][-]{subsubsection.4.42.3.10}{\376\377\0004\000.\0004\0002\000.\0003\000.\0001\0000\000\040\000o\000p\000e\000r\000a\000t\000o\000r\000-\000\050\000\051}{subsection.4.42.3}% 118
\BOOKMARK [3][-]{subsubsection.4.42.3.11}{\376\377\0004\000.\0004\0002\000.\0003\000.\0001\0001\000\040\000o\000p\000e\000r\000a\000t\000o\000r\000-\000=\000\050\000\051}{subsection.4.42.3}% 119
\BOOKMARK [3][-]{subsubsection.4.42.3.12}{\376\377\0004\000.\0004\0002\000.\0003\000.\0001\0002\000\040\000o\000p\000e\000r\000a\000t\000o\000r\000/\000\050\000\051}{subsection.4.42.3}% 120
\BOOKMARK [3][-]{subsubsection.4.42.3.13}{\376\377\0004\000.\0004\0002\000.\0003\000.\0001\0003\000\040\000o\000p\000e\000r\000a\000t\000o\000r\000/\000=\000\050\000\051}{subsection.4.42.3}% 121
\BOOKMARK [3][-]{subsubsection.4.42.3.14}{\376\377\0004\000.\0004\0002\000.\0003\000.\0001\0004\000\040\000o\000p\000e\000r\000a\000t\000o\000r\000=\000\050\000\051}{subsection.4.42.3}% 122
\BOOKMARK [3][-]{subsubsection.4.42.3.15}{\376\377\0004\000.\0004\0002\000.\0003\000.\0001\0005\000\040\000o\000p\000e\000r\000a\000t\000o\000r\000=\000=\000\050\000\051}{subsection.4.42.3}% 123
\BOOKMARK [3][-]{subsubsection.4.42.3.16}{\376\377\0004\000.\0004\0002\000.\0003\000.\0001\0006\000\040\000o\000p\000e\000r\000a\000t\000o\000r\000[\000]\000\050\000\051\000\040\000[\0001\000/\0002\000]}{subsection.4.42.3}% 124
\BOOKMARK [3][-]{subsubsection.4.42.3.17}{\376\377\0004\000.\0004\0002\000.\0003\000.\0001\0007\000\040\000o\000p\000e\000r\000a\000t\000o\000r\000[\000]\000\050\000\051\000\040\000[\0002\000/\0002\000]}{subsection.4.42.3}% 125
\BOOKMARK [3][-]{subsubsection.4.42.3.18}{\376\377\0004\000.\0004\0002\000.\0003\000.\0001\0008\000\040\000p\000r\000o\000d\000u\000c\000t\000o\000\137\000e\000s\000c\000a\000l\000a\000r\000\050\000\051}{subsection.4.42.3}% 126
\BOOKMARK [1][-]{section.4.43}{\376\377\0004\000.\0004\0003\000\040\000r\000a\000p\000i\000d\000x\000m\000l\000:\000:\000x\000m\000l\000\137\000a\000t\000t\000r\000i\000b\000u\000t\000e\000<\000\040\000C\000h\000\040\000>\000\040\000C\000l\000a\000s\000s\000\040\000T\000e\000m\000p\000l\000a\000t\000e\000\040\000R\000e\000f\000e\000r\000e\000n\000c\000e}{chapter.4}% 127
\BOOKMARK [2][-]{subsection.4.43.1}{\376\377\0004\000.\0004\0003\000.\0001\000\040\000D\000e\000t\000a\000i\000l\000e\000d\000\040\000D\000e\000s\000c\000r\000i\000p\000t\000i\000o\000n}{section.4.43}% 128
\BOOKMARK [2][-]{subsection.4.43.2}{\376\377\0004\000.\0004\0003\000.\0002\000\040\000C\000o\000n\000s\000t\000r\000u\000c\000t\000o\000r\000\040\000\046\000\040\000D\000e\000s\000t\000r\000u\000c\000t\000o\000r\000\040\000D\000o\000c\000u\000m\000e\000n\000t\000a\000t\000i\000o\000n}{section.4.43}% 129
\BOOKMARK [3][-]{subsubsection.4.43.2.1}{\376\377\0004\000.\0004\0003\000.\0002\000.\0001\000\040\000x\000m\000l\000\137\000a\000t\000t\000r\000i\000b\000u\000t\000e\000\050\000\051}{subsection.4.43.2}% 130
\BOOKMARK [2][-]{subsection.4.43.3}{\376\377\0004\000.\0004\0003\000.\0003\000\040\000M\000e\000m\000b\000e\000r\000\040\000F\000u\000n\000c\000t\000i\000o\000n\000\040\000D\000o\000c\000u\000m\000e\000n\000t\000a\000t\000i\000o\000n}{section.4.43}% 131
\BOOKMARK [3][-]{subsubsection.4.43.3.1}{\376\377\0004\000.\0004\0003\000.\0003\000.\0001\000\040\000d\000o\000c\000u\000m\000e\000n\000t\000\050\000\051}{subsection.4.43.3}% 132
\BOOKMARK [3][-]{subsubsection.4.43.3.2}{\376\377\0004\000.\0004\0003\000.\0003\000.\0002\000\040\000n\000e\000x\000t\000\137\000a\000t\000t\000r\000i\000b\000u\000t\000e\000\050\000\051}{subsection.4.43.3}% 133
\BOOKMARK [3][-]{subsubsection.4.43.3.3}{\376\377\0004\000.\0004\0003\000.\0003\000.\0003\000\040\000p\000r\000e\000v\000i\000o\000u\000s\000\137\000a\000t\000t\000r\000i\000b\000u\000t\000e\000\050\000\051}{subsection.4.43.3}% 134
\BOOKMARK [1][-]{section.4.44}{\376\377\0004\000.\0004\0004\000\040\000r\000a\000p\000i\000d\000x\000m\000l\000:\000:\000x\000m\000l\000\137\000b\000a\000s\000e\000<\000\040\000C\000h\000\040\000>\000\040\000C\000l\000a\000s\000s\000\040\000T\000e\000m\000p\000l\000a\000t\000e\000\040\000R\000e\000f\000e\000r\000e\000n\000c\000e}{chapter.4}% 135
\BOOKMARK [2][-]{subsection.4.44.1}{\376\377\0004\000.\0004\0004\000.\0001\000\040\000D\000e\000t\000a\000i\000l\000e\000d\000\040\000D\000e\000s\000c\000r\000i\000p\000t\000i\000o\000n}{section.4.44}% 136
\BOOKMARK [2][-]{subsection.4.44.2}{\376\377\0004\000.\0004\0004\000.\0002\000\040\000M\000e\000m\000b\000e\000r\000\040\000F\000u\000n\000c\000t\000i\000o\000n\000\040\000D\000o\000c\000u\000m\000e\000n\000t\000a\000t\000i\000o\000n}{section.4.44}% 137
\BOOKMARK [3][-]{subsubsection.4.44.2.1}{\376\377\0004\000.\0004\0004\000.\0002\000.\0001\000\040\000n\000a\000m\000e\000\050\000\051\000\040\000[\0001\000/\0003\000]}{subsection.4.44.2}% 138
\BOOKMARK [3][-]{subsubsection.4.44.2.2}{\376\377\0004\000.\0004\0004\000.\0002\000.\0002\000\040\000n\000a\000m\000e\000\050\000\051\000\040\000[\0002\000/\0003\000]}{subsection.4.44.2}% 139
\BOOKMARK [3][-]{subsubsection.4.44.2.3}{\376\377\0004\000.\0004\0004\000.\0002\000.\0003\000\040\000n\000a\000m\000e\000\050\000\051\000\040\000[\0003\000/\0003\000]}{subsection.4.44.2}% 140
\BOOKMARK [3][-]{subsubsection.4.44.2.4}{\376\377\0004\000.\0004\0004\000.\0002\000.\0004\000\040\000n\000a\000m\000e\000\137\000s\000i\000z\000e\000\050\000\051}{subsection.4.44.2}% 141
\BOOKMARK [3][-]{subsubsection.4.44.2.5}{\376\377\0004\000.\0004\0004\000.\0002\000.\0005\000\040\000p\000a\000r\000e\000n\000t\000\050\000\051}{subsection.4.44.2}% 142
\BOOKMARK [3][-]{subsubsection.4.44.2.6}{\376\377\0004\000.\0004\0004\000.\0002\000.\0006\000\040\000v\000a\000l\000u\000e\000\050\000\051\000\040\000[\0001\000/\0003\000]}{subsection.4.44.2}% 143
\BOOKMARK [3][-]{subsubsection.4.44.2.7}{\376\377\0004\000.\0004\0004\000.\0002\000.\0007\000\040\000v\000a\000l\000u\000e\000\050\000\051\000\040\000[\0002\000/\0003\000]}{subsection.4.44.2}% 144
\BOOKMARK [3][-]{subsubsection.4.44.2.8}{\376\377\0004\000.\0004\0004\000.\0002\000.\0008\000\040\000v\000a\000l\000u\000e\000\050\000\051\000\040\000[\0003\000/\0003\000]}{subsection.4.44.2}% 145
\BOOKMARK [3][-]{subsubsection.4.44.2.9}{\376\377\0004\000.\0004\0004\000.\0002\000.\0009\000\040\000v\000a\000l\000u\000e\000\137\000s\000i\000z\000e\000\050\000\051}{subsection.4.44.2}% 146
\BOOKMARK [1][-]{section.4.45}{\376\377\0004\000.\0004\0005\000\040\000r\000a\000p\000i\000d\000x\000m\000l\000:\000:\000x\000m\000l\000\137\000d\000o\000c\000u\000m\000e\000n\000t\000<\000\040\000C\000h\000\040\000>\000\040\000C\000l\000a\000s\000s\000\040\000T\000e\000m\000p\000l\000a\000t\000e\000\040\000R\000e\000f\000e\000r\000e\000n\000c\000e}{chapter.4}% 147
\BOOKMARK [2][-]{subsection.4.45.1}{\376\377\0004\000.\0004\0005\000.\0001\000\040\000D\000e\000t\000a\000i\000l\000e\000d\000\040\000D\000e\000s\000c\000r\000i\000p\000t\000i\000o\000n}{section.4.45}% 148
\BOOKMARK [2][-]{subsection.4.45.2}{\376\377\0004\000.\0004\0005\000.\0002\000\040\000M\000e\000m\000b\000e\000r\000\040\000F\000u\000n\000c\000t\000i\000o\000n\000\040\000D\000o\000c\000u\000m\000e\000n\000t\000a\000t\000i\000o\000n}{section.4.45}% 149
\BOOKMARK [3][-]{subsubsection.4.45.2.1}{\376\377\0004\000.\0004\0005\000.\0002\000.\0001\000\040\000c\000l\000e\000a\000r\000\050\000\051}{subsection.4.45.2}% 150
\BOOKMARK [3][-]{subsubsection.4.45.2.2}{\376\377\0004\000.\0004\0005\000.\0002\000.\0002\000\040\000p\000a\000r\000s\000e\000\050\000\051}{subsection.4.45.2}% 151
\BOOKMARK [1][-]{section.4.46}{\376\377\0004\000.\0004\0006\000\040\000r\000a\000p\000i\000d\000x\000m\000l\000:\000:\000x\000m\000l\000\137\000n\000o\000d\000e\000<\000\040\000C\000h\000\040\000>\000\040\000C\000l\000a\000s\000s\000\040\000T\000e\000m\000p\000l\000a\000t\000e\000\040\000R\000e\000f\000e\000r\000e\000n\000c\000e}{chapter.4}% 152
\BOOKMARK [2][-]{subsection.4.46.1}{\376\377\0004\000.\0004\0006\000.\0001\000\040\000D\000e\000t\000a\000i\000l\000e\000d\000\040\000D\000e\000s\000c\000r\000i\000p\000t\000i\000o\000n}{section.4.46}% 153
\BOOKMARK [2][-]{subsection.4.46.2}{\376\377\0004\000.\0004\0006\000.\0002\000\040\000C\000o\000n\000s\000t\000r\000u\000c\000t\000o\000r\000\040\000\046\000\040\000D\000e\000s\000t\000r\000u\000c\000t\000o\000r\000\040\000D\000o\000c\000u\000m\000e\000n\000t\000a\000t\000i\000o\000n}{section.4.46}% 154
\BOOKMARK [3][-]{subsubsection.4.46.2.1}{\376\377\0004\000.\0004\0006\000.\0002\000.\0001\000\040\000x\000m\000l\000\137\000n\000o\000d\000e\000\050\000\051}{subsection.4.46.2}% 155
\BOOKMARK [2][-]{subsection.4.46.3}{\376\377\0004\000.\0004\0006\000.\0003\000\040\000M\000e\000m\000b\000e\000r\000\040\000F\000u\000n\000c\000t\000i\000o\000n\000\040\000D\000o\000c\000u\000m\000e\000n\000t\000a\000t\000i\000o\000n}{section.4.46}% 156
\BOOKMARK [3][-]{subsubsection.4.46.3.1}{\376\377\0004\000.\0004\0006\000.\0003\000.\0001\000\040\000a\000p\000p\000e\000n\000d\000\137\000a\000t\000t\000r\000i\000b\000u\000t\000e\000\050\000\051}{subsection.4.46.3}% 157
\BOOKMARK [3][-]{subsubsection.4.46.3.2}{\376\377\0004\000.\0004\0006\000.\0003\000.\0002\000\040\000a\000p\000p\000e\000n\000d\000\137\000n\000o\000d\000e\000\050\000\051}{subsection.4.46.3}% 158
\BOOKMARK [3][-]{subsubsection.4.46.3.3}{\376\377\0004\000.\0004\0006\000.\0003\000.\0003\000\040\000d\000o\000c\000u\000m\000e\000n\000t\000\050\000\051}{subsection.4.46.3}% 159
\BOOKMARK [3][-]{subsubsection.4.46.3.4}{\376\377\0004\000.\0004\0006\000.\0003\000.\0004\000\040\000f\000i\000r\000s\000t\000\137\000a\000t\000t\000r\000i\000b\000u\000t\000e\000\050\000\051}{subsection.4.46.3}% 160
\BOOKMARK [3][-]{subsubsection.4.46.3.5}{\376\377\0004\000.\0004\0006\000.\0003\000.\0005\000\040\000f\000i\000r\000s\000t\000\137\000n\000o\000d\000e\000\050\000\051}{subsection.4.46.3}% 161
\BOOKMARK [3][-]{subsubsection.4.46.3.6}{\376\377\0004\000.\0004\0006\000.\0003\000.\0006\000\040\000i\000n\000s\000e\000r\000t\000\137\000a\000t\000t\000r\000i\000b\000u\000t\000e\000\050\000\051}{subsection.4.46.3}% 162
\BOOKMARK [3][-]{subsubsection.4.46.3.7}{\376\377\0004\000.\0004\0006\000.\0003\000.\0007\000\040\000i\000n\000s\000e\000r\000t\000\137\000n\000o\000d\000e\000\050\000\051}{subsection.4.46.3}% 163
\BOOKMARK [3][-]{subsubsection.4.46.3.8}{\376\377\0004\000.\0004\0006\000.\0003\000.\0008\000\040\000l\000a\000s\000t\000\137\000a\000t\000t\000r\000i\000b\000u\000t\000e\000\050\000\051}{subsection.4.46.3}% 164
\BOOKMARK [3][-]{subsubsection.4.46.3.9}{\376\377\0004\000.\0004\0006\000.\0003\000.\0009\000\040\000l\000a\000s\000t\000\137\000n\000o\000d\000e\000\050\000\051}{subsection.4.46.3}% 165
\BOOKMARK [3][-]{subsubsection.4.46.3.10}{\376\377\0004\000.\0004\0006\000.\0003\000.\0001\0000\000\040\000n\000e\000x\000t\000\137\000s\000i\000b\000l\000i\000n\000g\000\050\000\051}{subsection.4.46.3}% 166
\BOOKMARK [3][-]{subsubsection.4.46.3.11}{\376\377\0004\000.\0004\0006\000.\0003\000.\0001\0001\000\040\000p\000r\000e\000p\000e\000n\000d\000\137\000a\000t\000t\000r\000i\000b\000u\000t\000e\000\050\000\051}{subsection.4.46.3}% 167
\BOOKMARK [3][-]{subsubsection.4.46.3.12}{\376\377\0004\000.\0004\0006\000.\0003\000.\0001\0002\000\040\000p\000r\000e\000p\000e\000n\000d\000\137\000n\000o\000d\000e\000\050\000\051}{subsection.4.46.3}% 168
\BOOKMARK [3][-]{subsubsection.4.46.3.13}{\376\377\0004\000.\0004\0006\000.\0003\000.\0001\0003\000\040\000p\000r\000e\000v\000i\000o\000u\000s\000\137\000s\000i\000b\000l\000i\000n\000g\000\050\000\051}{subsection.4.46.3}% 169
\BOOKMARK [3][-]{subsubsection.4.46.3.14}{\376\377\0004\000.\0004\0006\000.\0003\000.\0001\0004\000\040\000r\000e\000m\000o\000v\000e\000\137\000a\000t\000t\000r\000i\000b\000u\000t\000e\000\050\000\051}{subsection.4.46.3}% 170
\BOOKMARK [3][-]{subsubsection.4.46.3.15}{\376\377\0004\000.\0004\0006\000.\0003\000.\0001\0005\000\040\000r\000e\000m\000o\000v\000e\000\137\000f\000i\000r\000s\000t\000\137\000a\000t\000t\000r\000i\000b\000u\000t\000e\000\050\000\051}{subsection.4.46.3}% 171
\BOOKMARK [3][-]{subsubsection.4.46.3.16}{\376\377\0004\000.\0004\0006\000.\0003\000.\0001\0006\000\040\000r\000e\000m\000o\000v\000e\000\137\000f\000i\000r\000s\000t\000\137\000n\000o\000d\000e\000\050\000\051}{subsection.4.46.3}% 172
\BOOKMARK [3][-]{subsubsection.4.46.3.17}{\376\377\0004\000.\0004\0006\000.\0003\000.\0001\0007\000\040\000r\000e\000m\000o\000v\000e\000\137\000l\000a\000s\000t\000\137\000a\000t\000t\000r\000i\000b\000u\000t\000e\000\050\000\051}{subsection.4.46.3}% 173
\BOOKMARK [3][-]{subsubsection.4.46.3.18}{\376\377\0004\000.\0004\0006\000.\0003\000.\0001\0008\000\040\000r\000e\000m\000o\000v\000e\000\137\000l\000a\000s\000t\000\137\000n\000o\000d\000e\000\050\000\051}{subsection.4.46.3}% 174
\BOOKMARK [3][-]{subsubsection.4.46.3.19}{\376\377\0004\000.\0004\0006\000.\0003\000.\0001\0009\000\040\000t\000y\000p\000e\000\050\000\051\000\040\000[\0001\000/\0002\000]}{subsection.4.46.3}% 175
\BOOKMARK [3][-]{subsubsection.4.46.3.20}{\376\377\0004\000.\0004\0006\000.\0003\000.\0002\0000\000\040\000t\000y\000p\000e\000\050\000\051\000\040\000[\0002\000/\0002\000]}{subsection.4.46.3}% 176
\BOOKMARK [0][-]{chapter.5}{\376\377\0005\000\040\000F\000i\000l\000e\000\040\000D\000o\000c\000u\000m\000e\000n\000t\000a\000t\000i\000o\000n}{}% 177
\BOOKMARK [1][-]{section.5.1}{\376\377\0005\000.\0001\000\040\000D\000:\000/\000G\000i\000t\000H\000u\000b\000/\000B\000a\000r\000x\000E\000n\000g\000i\000n\000e\000/\000B\000a\000r\000x\000E\000n\000g\000i\000n\000e\000/\000c\000o\000d\000e\000/\000h\000e\000a\000d\000e\000r\000s\000/\000r\000a\000p\000i\000d\000x\000m\000l\000.\000h\000p\000p\000\040\000F\000i\000l\000e\000\040\000R\000e\000f\000e\000r\000e\000n\000c\000e}{chapter.5}% 178
\BOOKMARK [2][-]{subsection.5.1.1}{\376\377\0005\000.\0001\000.\0001\000\040\000D\000e\000t\000a\000i\000l\000e\000d\000\040\000D\000e\000s\000c\000r\000i\000p\000t\000i\000o\000n}{section.5.1}% 179
\BOOKMARK [2][-]{subsection.5.1.2}{\376\377\0005\000.\0001\000.\0002\000\040\000E\000n\000u\000m\000e\000r\000a\000t\000i\000o\000n\000\040\000T\000y\000p\000e\000\040\000D\000o\000c\000u\000m\000e\000n\000t\000a\000t\000i\000o\000n}{section.5.1}% 180
\BOOKMARK [3][-]{subsubsection.5.1.2.1}{\376\377\0005\000.\0001\000.\0002\000.\0001\000\040\000n\000o\000d\000e\000\137\000t\000y\000p\000e}{subsection.5.1.2}% 181
\BOOKMARK [2][-]{subsection.5.1.3}{\376\377\0005\000.\0001\000.\0003\000\040\000V\000a\000r\000i\000a\000b\000l\000e\000\040\000D\000o\000c\000u\000m\000e\000n\000t\000a\000t\000i\000o\000n}{section.5.1}% 182
\BOOKMARK [3][-]{subsubsection.5.1.3.1}{\376\377\0005\000.\0001\000.\0003\000.\0001\000\040\000p\000a\000r\000s\000e\000\137\000c\000o\000m\000m\000e\000n\000t\000\137\000n\000o\000d\000e\000s}{subsection.5.1.3}% 183
\BOOKMARK [3][-]{subsubsection.5.1.3.2}{\376\377\0005\000.\0001\000.\0003\000.\0002\000\040\000p\000a\000r\000s\000e\000\137\000d\000e\000c\000l\000a\000r\000a\000t\000i\000o\000n\000\137\000n\000o\000d\000e}{subsection.5.1.3}% 184
\BOOKMARK [3][-]{subsubsection.5.1.3.3}{\376\377\0005\000.\0001\000.\0003\000.\0003\000\040\000p\000a\000r\000s\000e\000\137\000d\000e\000f\000a\000u\000l\000t}{subsection.5.1.3}% 185
\BOOKMARK [3][-]{subsubsection.5.1.3.4}{\376\377\0005\000.\0001\000.\0003\000.\0004\000\040\000p\000a\000r\000s\000e\000\137\000d\000o\000c\000t\000y\000p\000e\000\137\000n\000o\000d\000e}{subsection.5.1.3}% 186
\BOOKMARK [3][-]{subsubsection.5.1.3.5}{\376\377\0005\000.\0001\000.\0003\000.\0005\000\040\000p\000a\000r\000s\000e\000\137\000f\000a\000s\000t\000e\000s\000t}{subsection.5.1.3}% 187
\BOOKMARK [3][-]{subsubsection.5.1.3.6}{\376\377\0005\000.\0001\000.\0003\000.\0006\000\040\000p\000a\000r\000s\000e\000\137\000f\000u\000l\000l}{subsection.5.1.3}% 188
\BOOKMARK [3][-]{subsubsection.5.1.3.7}{\376\377\0005\000.\0001\000.\0003\000.\0007\000\040\000p\000a\000r\000s\000e\000\137\000n\000o\000\137\000d\000a\000t\000a\000\137\000n\000o\000d\000e\000s}{subsection.5.1.3}% 189
\BOOKMARK [3][-]{subsubsection.5.1.3.8}{\376\377\0005\000.\0001\000.\0003\000.\0008\000\040\000p\000a\000r\000s\000e\000\137\000n\000o\000\137\000e\000l\000e\000m\000e\000n\000t\000\137\000v\000a\000l\000u\000e\000s}{subsection.5.1.3}% 190
\BOOKMARK [3][-]{subsubsection.5.1.3.9}{\376\377\0005\000.\0001\000.\0003\000.\0009\000\040\000p\000a\000r\000s\000e\000\137\000n\000o\000\137\000e\000n\000t\000i\000t\000y\000\137\000t\000r\000a\000n\000s\000l\000a\000t\000i\000o\000n}{subsection.5.1.3}% 191
\BOOKMARK [3][-]{subsubsection.5.1.3.10}{\376\377\0005\000.\0001\000.\0003\000.\0001\0000\000\040\000p\000a\000r\000s\000e\000\137\000n\000o\000\137\000s\000t\000r\000i\000n\000g\000\137\000t\000e\000r\000m\000i\000n\000a\000t\000o\000r\000s}{subsection.5.1.3}% 192
\BOOKMARK [3][-]{subsubsection.5.1.3.11}{\376\377\0005\000.\0001\000.\0003\000.\0001\0001\000\040\000p\000a\000r\000s\000e\000\137\000n\000o\000\137\000u\000t\000f\0008}{subsection.5.1.3}% 193
\BOOKMARK [3][-]{subsubsection.5.1.3.12}{\376\377\0005\000.\0001\000.\0003\000.\0001\0002\000\040\000p\000a\000r\000s\000e\000\137\000n\000o\000n\000\137\000d\000e\000s\000t\000r\000u\000c\000t\000i\000v\000e}{subsection.5.1.3}% 194
\BOOKMARK [3][-]{subsubsection.5.1.3.13}{\376\377\0005\000.\0001\000.\0003\000.\0001\0003\000\040\000p\000a\000r\000s\000e\000\137\000n\000o\000r\000m\000a\000l\000i\000z\000e\000\137\000w\000h\000i\000t\000e\000s\000p\000a\000c\000e}{subsection.5.1.3}% 195
\BOOKMARK [3][-]{subsubsection.5.1.3.14}{\376\377\0005\000.\0001\000.\0003\000.\0001\0004\000\040\000p\000a\000r\000s\000e\000\137\000p\000i\000\137\000n\000o\000d\000e\000s}{subsection.5.1.3}% 196
\BOOKMARK [3][-]{subsubsection.5.1.3.15}{\376\377\0005\000.\0001\000.\0003\000.\0001\0005\000\040\000p\000a\000r\000s\000e\000\137\000t\000r\000i\000m\000\137\000w\000h\000i\000t\000e\000s\000p\000a\000c\000e}{subsection.5.1.3}% 197
\BOOKMARK [3][-]{subsubsection.5.1.3.16}{\376\377\0005\000.\0001\000.\0003\000.\0001\0006\000\040\000p\000a\000r\000s\000e\000\137\000v\000a\000l\000i\000d\000a\000t\000e\000\137\000c\000l\000o\000s\000i\000n\000g\000\137\000t\000a\000g\000s}{subsection.5.1.3}% 198
\BOOKMARK [1][-]{section.5.2}{\376\377\0005\000.\0002\000\040\000D\000:\000/\000G\000i\000t\000H\000u\000b\000/\000B\000a\000r\000x\000E\000n\000g\000i\000n\000e\000/\000B\000a\000r\000x\000E\000n\000g\000i\000n\000e\000/\000c\000o\000d\000e\000/\000h\000e\000a\000d\000e\000r\000s\000/\000r\000a\000p\000i\000d\000x\000m\000l\000\137\000i\000t\000e\000r\000a\000t\000o\000r\000s\000.\000h\000p\000p\000\040\000F\000i\000l\000e\000\040\000R\000e\000f\000e\000r\000e\000n\000c\000e}{chapter.5}% 199
\BOOKMARK [2][-]{subsection.5.2.1}{\376\377\0005\000.\0002\000.\0001\000\040\000D\000e\000t\000a\000i\000l\000e\000d\000\040\000D\000e\000s\000c\000r\000i\000p\000t\000i\000o\000n}{section.5.2}% 200
\BOOKMARK [1][-]{section.5.3}{\376\377\0005\000.\0003\000\040\000D\000:\000/\000G\000i\000t\000H\000u\000b\000/\000B\000a\000r\000x\000E\000n\000g\000i\000n\000e\000/\000B\000a\000r\000x\000E\000n\000g\000i\000n\000e\000/\000c\000o\000d\000e\000/\000h\000e\000a\000d\000e\000r\000s\000/\000r\000a\000p\000i\000d\000x\000m\000l\000\137\000p\000r\000i\000n\000t\000.\000h\000p\000p\000\040\000F\000i\000l\000e\000\040\000R\000e\000f\000e\000r\000e\000n\000c\000e}{chapter.5}% 201
\BOOKMARK [2][-]{subsection.5.3.1}{\376\377\0005\000.\0003\000.\0001\000\040\000D\000e\000t\000a\000i\000l\000e\000d\000\040\000D\000e\000s\000c\000r\000i\000p\000t\000i\000o\000n}{section.5.3}% 202
\BOOKMARK [2][-]{subsection.5.3.2}{\376\377\0005\000.\0003\000.\0002\000\040\000F\000u\000n\000c\000t\000i\000o\000n\000\040\000D\000o\000c\000u\000m\000e\000n\000t\000a\000t\000i\000o\000n}{section.5.3}% 203
\BOOKMARK [3][-]{subsubsection.5.3.2.1}{\376\377\0005\000.\0003\000.\0002\000.\0001\000\040\000o\000p\000e\000r\000a\000t\000o\000r\000<\000<\000\050\000\051}{subsection.5.3.2}% 204
\BOOKMARK [3][-]{subsubsection.5.3.2.2}{\376\377\0005\000.\0003\000.\0002\000.\0002\000\040\000p\000r\000i\000n\000t\000\050\000\051\000\040\000[\0001\000/\0002\000]}{subsection.5.3.2}% 205
\BOOKMARK [3][-]{subsubsection.5.3.2.3}{\376\377\0005\000.\0003\000.\0002\000.\0003\000\040\000p\000r\000i\000n\000t\000\050\000\051\000\040\000[\0002\000/\0002\000]}{subsection.5.3.2}% 206
\BOOKMARK [1][-]{section.5.4}{\376\377\0005\000.\0004\000\040\000D\000:\000/\000G\000i\000t\000H\000u\000b\000/\000B\000a\000r\000x\000E\000n\000g\000i\000n\000e\000/\000B\000a\000r\000x\000E\000n\000g\000i\000n\000e\000/\000c\000o\000d\000e\000/\000h\000e\000a\000d\000e\000r\000s\000/\000r\000a\000p\000i\000d\000x\000m\000l\000\137\000u\000t\000i\000l\000s\000.\000h\000p\000p\000\040\000F\000i\000l\000e\000\040\000R\000e\000f\000e\000r\000e\000n\000c\000e}{chapter.5}% 207
\BOOKMARK [2][-]{subsection.5.4.1}{\376\377\0005\000.\0004\000.\0001\000\040\000D\000e\000t\000a\000i\000l\000e\000d\000\040\000D\000e\000s\000c\000r\000i\000p\000t\000i\000o\000n}{section.5.4}% 208
\BOOKMARK [2][-]{subsection.5.4.2}{\376\377\0005\000.\0004\000.\0002\000\040\000F\000u\000n\000c\000t\000i\000o\000n\000\040\000D\000o\000c\000u\000m\000e\000n\000t\000a\000t\000i\000o\000n}{section.5.4}% 209
\BOOKMARK [3][-]{subsubsection.5.4.2.1}{\376\377\0005\000.\0004\000.\0002\000.\0001\000\040\000c\000o\000u\000n\000t\000\137\000a\000t\000t\000r\000i\000b\000u\000t\000e\000s\000\050\000\051}{subsection.5.4.2}% 210
\BOOKMARK [3][-]{subsubsection.5.4.2.2}{\376\377\0005\000.\0004\000.\0002\000.\0002\000\040\000c\000o\000u\000n\000t\000\137\000c\000h\000i\000l\000d\000r\000e\000n\000\050\000\051}{subsection.5.4.2}% 211
\BOOKMARK [0][-]{section*.145}{\376\377\000I\000n\000d\000e\000x}{}% 212
