c:\users\barce\onedrive\escritorio\motores\demo\projects\vs-2019\x64\debug\vc142.pdb
c:\users\barce\onedrive\escritorio\motores\demo\projects\vs-2019\x64\debug\vc142.idb
c:\users\barce\onedrive\escritorio\motores\demo\projects\vs-2019\x64\debug\main.obj
c:\users\barce\onedrive\escritorio\motores\demo\projects\vs-2019\x64\debug\barxengine.pdb
c:\users\barce\onedrive\escritorio\motores\demo\projects\vs-2019\x64\debug\demo.pdb
c:\users\barce\onedrive\escritorio\motores\demo\projects\vs-2019\x64\debug\demo.tlog\cl.command.1.tlog
c:\users\barce\onedrive\escritorio\motores\demo\projects\vs-2019\x64\debug\demo.tlog\cl.read.1.tlog
c:\users\barce\onedrive\escritorio\motores\demo\projects\vs-2019\x64\debug\demo.tlog\cl.write.1.tlog
c:\users\barce\onedrive\escritorio\motores\demo\projects\vs-2019\x64\debug\demo.tlog\link-cvtres.read.1.tlog
c:\users\barce\onedrive\escritorio\motores\demo\projects\vs-2019\x64\debug\demo.tlog\link-cvtres.write.1.tlog
c:\users\barce\onedrive\escritorio\motores\demo\projects\vs-2019\x64\debug\demo.tlog\link-rc.read.1.tlog
c:\users\barce\onedrive\escritorio\motores\demo\projects\vs-2019\x64\debug\demo.tlog\link-rc.write.1.tlog
c:\users\barce\onedrive\escritorio\motores\demo\projects\vs-2019\x64\debug\demo.tlog\link.15176-cvtres.read.1.tlog
c:\users\barce\onedrive\escritorio\motores\demo\projects\vs-2019\x64\debug\demo.tlog\link.15176-cvtres.write.1.tlog
c:\users\barce\onedrive\escritorio\motores\demo\projects\vs-2019\x64\debug\demo.tlog\link.15176-rc.read.1.tlog
c:\users\barce\onedrive\escritorio\motores\demo\projects\vs-2019\x64\debug\demo.tlog\link.15176-rc.write.1.tlog
c:\users\barce\onedrive\escritorio\motores\demo\projects\vs-2019\x64\debug\demo.tlog\link.15176.read.1.tlog
c:\users\barce\onedrive\escritorio\motores\demo\projects\vs-2019\x64\debug\demo.tlog\link.15176.write.1.tlog
c:\users\barce\onedrive\escritorio\motores\demo\projects\vs-2019\x64\debug\demo.tlog\link.command.1.tlog
c:\users\barce\onedrive\escritorio\motores\demo\projects\vs-2019\x64\debug\demo.tlog\link.read.1.tlog
c:\users\barce\onedrive\escritorio\motores\demo\projects\vs-2019\x64\debug\demo.tlog\link.write.1.tlog
